<?xml version="1.0" encoding="UTF-8"?>
<testng-results skipped="0" failed="0" total="2" passed="2">
  <reporter-output>
  </reporter-output>
  <suite name="Default suite" duration-ms="131" started-at="2020-01-01T03:41:02Z" finished-at="2020-01-01T03:41:02Z">
    <groups>
    </groups>
    <test name="Default test" duration-ms="131" started-at="2020-01-01T03:41:02Z" finished-at="2020-01-01T03:41:02Z">
      <class name="com.usa.collections.Map_Interface_Test">
        <test-method status="PASS" signature="HashMaps()[pri:0, instance:com.usa.collections.Map_Interface_Test@7e0babb1]" name="HashMaps" duration-ms="69" started-at="2019-12-31T22:41:02Z" finished-at="2019-12-31T22:41:02Z">
          <reporter-output>
          </reporter-output>
        </test-method> <!-- HashMaps -->
        <test-method status="PASS" signature="Hashmaps()[pri:0, instance:com.usa.collections.Map_Interface_Test@7e0babb1]" name="Hashmaps" duration-ms="4" started-at="2019-12-31T22:41:02Z" finished-at="2019-12-31T22:41:02Z">
          <reporter-output>
          </reporter-output>
        </test-method> <!-- Hashmaps -->
      </class> <!-- com.usa.collections.Map_Interface_Test -->
    </test> <!-- Default test -->
  </suite> <!-- Default suite -->
</testng-results>
